
ROM used:   330/32768 (1%)
            330/32768 (1%) including unused fragments

            0.2 Average locations per line
            1.2 Average locations per statement

RAM used:   29/2048 (1%) at main() level
            37/2048 (2%) worst case

Stack used: 2 worst case (2 in main + 0 for interrupts)
Stack size: 31

Lines Stmts  %   Files
----- ----- ---  -----
   16     8   3  bai_302_choptat_16led.c
  545   258  97  tv_pickit2_shift_1.c
  136     0   0  tv_pickit2_shift_1.h
  837     0   0  C:\Program Files (x86)\PICC\Devices\18f4550.h
----- -----
 1534   266 Total

Page ROM  %  RAM    Vol Diff  Functions:
---- --- --- ---    --- ----  ----------
0     38   6    1             @delay_ms1
0     42   6    3    271  4.3  xuat_1byte
0     42   6    4    231  2.3  xuat_32led_don_4byte
0     30   5    0    152  1.8  set_up_port_ic_chot
0     48   7    0    119  1.7  mo_ic_74573_a_thong_dl
0     36   5    1    143  1.8  b302_16led_chop_tat
0     90  14    0     43  1.3  MAIN
 Inline         0             @cinit1

Program metrics:
    Functions               6
    Statements              266
    Comments                295
    Volume (V)              1473
    Difficulty (D)          13.3
    Effort to implement (E) 19528
    Time to implement (T)   18 minutes
    Est Delivered Bugs (B)  0
    Cyclomatic Complexity   1
    Maintainability (MI)    31

 Segment     Used  Free
-----------  ----  ----
00000-00002     4  0  
00004-07FFE   326  32438  



