
ROM used:   470/32768 (1%)
            470/32768 (1%) including unused fragments

            0.3 Average locations per line
            1.7 Average locations per statement

RAM used:   29/2048 (1%) at main() level
            49/2048 (2%) worst case

Stack used: 2 worst case (2 in main + 0 for interrupts)
Stack size: 31

Lines Stmts  %   Files
----- ----- ---  -----
   26    15   5  bai_304_16led_phai_std_pst.c
  545   258  95  tv_pickit2_shift_1.c
  136     0   0  tv_pickit2_shift_1.h
  837     0   0  C:\Program Files (x86)\PICC\Devices\18f4550.h
----- -----
 1544   273 Total

Page ROM  %  RAM    Vol Diff  Functions:
---- --- --- ---    --- ----  ----------
0     38   4    1             @delay_ms1
0     42   4    3    271  4.3  xuat_1byte
0     44   5    4    231  2.3  xuat_32led_don_4byte
0     36   4    8    245  3.1  xuat_32led_don_2word
0     30   3    0    152  1.8  set_up_port_ic_chot
0     48   5    0    119  1.7  mo_ic_74573_a_thong_dl
0    136  14    7    420  4.9  b304_16led_phai_std_pst
0     92  10    0     43  1.3  MAIN
 Inline         0             @cinit1

Program metrics:
    Functions               7
    Statements              273
    Comments                296
    Volume (V)              2281
    Difficulty (D)          19.5
    Effort to implement (E) 44527
    Time to implement (T)   41 minutes
    Est Delivered Bugs (B)  0
    Cyclomatic Complexity   3
    Maintainability (MI)    51

 Segment     Used  Free
-----------  ----  ----
00000-00002     4  0  
00004-07FFE   466  32298  



