
ROM used:   1596/32768 (5%)
            1596/32768 (5%) including unused fragments

            1.0 Average locations per line
            19.5 Average locations per statement

RAM used:   42/2048 (2%) at main() level
            52/2048 (3%) worst case

Stack used: 5 worst case (5 in main + 0 for interrupts)
Stack size: 31

Lines Stmts  %   Files
----- ----- ---  -----
   82    54  66  DEMO_DS1307.c
  552     0   0  TV_PICKIT2_SHIFT_1.c
  136     0   0  tv_pickit2_shift_1.h
  837     0   0  C:\Program Files (x86)\PICC\Devices\18f4550.h
   41    28  34  TV_PICKIT2_SHIFT_DS1307_I2C.c
   18     0   0  TV_PICKIT2_SHIFT_DS1307_I2C.h
----- -----
 1666    82 Total

Page ROM  %  RAM   Vol Diff  Functions:
---- --- --- ---   --- ----  ----------
0     32   1    0             @const672
0     42   1    3   271  4.3  xuat_1byte
0     30   1    0   152  1.8  set_up_port_ic_chot
0     46   1    0   119  1.7  mo_ic_74573_b_thong_dl
0     44   1    3   172  2.7  xuat_8led_7doan_quet_1
0     10   0    0    25  1.2  xuat_8led_7doan_quet_tat_led
0     24   1    0             @const746
0     60   2    3   190  3.1  xuat_8led_7doan_quet_2
0     54   2    1   136  3.9  hien_thi_8led_7doan_quet_all
0    206   6    5   804  6.2  inputcd
0     62   2    6             @WRITEBITA
0     46   1    5             @READBITA
0     10   0    0    32  1.0  soft_i2c_clk
0     18   1    0    67  1.2  soft_i2c_start
0     18   1    0    69  1.1  soft_i2c_stop
0    100   3    4   456  8.0  soft_i2c_write
0     56   2    3   340  5.3  soft_i2c_read
0    108   3    1   499  3.7  ds1307_read_time
0     74   2    8   370  3.3  ds1307_set_time
0     30   1    2   149  3.9  hieuchinhBCD
0     62   2    0   163  2.4  hieuchinhBCDvaNapthoigian
0    460  14    1  2648  9.9  MAIN
 Inline         0    43  1.5  @cinit1

Program metrics:
    Functions               19
    Statements              82
    Comments                305
    Volume (V)              10772
    Difficulty (D)          67.5
    Effort to implement (E) 727014
    Time to implement (T)   11 hours, 13 minutes
    Est Delivered Bugs (B)  3
    Cyclomatic Complexity   28
    Maintainability (MI)    110

 Segment     Used  Free
-----------  ----  ----
00000-00002     4  0  
00004-07FFE  1592  31172  



