
ROM used:   6152/32768 (19%)
            6152/32768 (19%) including unused fragments

            1.6 Average locations per line
            11.5 Average locations per statement

RAM used:   39/2048 (2%) at main() level
            103/2048 (5%) worst case

Stack used: 5 worst case (5 in main + 0 for interrupts)
Stack size: 31

Lines Stmts  %   Files
----- ----- ---  -----
   24    12   2  DEMO_GP2D12.c
  551   265  50  TV_PICKIT2_SHIFT_1.c
  135     0   0  tv_pickit2_shift_1.h
  837     0   0  C:\Program Files (x86)\PICC\Devices\18f4550.h
 2229   257  48  C:\Program Files (x86)\PICC\Drivers\math.h
----- -----
 3776   534 Total

Page ROM  %  RAM   Vol Diff  Functions:
---- --- --- ---   --- ----  ----------
0     28   0    1             @delay_us1
0     32   0    0             @const672
0     42   0    3   271  4.3  XUAT_1BYTE
0     30   0    0   152  1.8  SET_UP_PORT_IC_CHOT
0     48   0    0   119  1.7  MO_IC_74573_A_THONG_DL
0     44   0    4   231  2.3  XUAT_4LED_7DOAN_4SO
0    318   3    5   465  4.8  XUAT_4LED_7DOAN_GIAIMA_XOA_SO0
0     66   1    5             @DIV1616
0    792   6   20  1121 10.1  CEIL_FLOOR
0    118   1   10   370  3.3  @FLT
0     56   0    4   149  3.9  @SFTOI
0     54   0    2   163  2.4  @ITOF
0    242   2   11  2648  9.9  @MULFF
0    618   5   16             @ADDFF
0     24   0    4    43  2.1  floor
0     26   0    4    44  1.9  ceil
0    346   3   16   259  6.9  fmod
0    346   3   14             @DIVFF
0    978   8   22  1071  8.0  exp
0     72   1    2             @SITOF
0    856   7   25   979 10.0  log
0    732   6   12   556  7.5  pow
0    280   2    4   287  4.4  MAIN
 Inline         0             @cinit1

Program metrics:
    Functions               17
    Statements              534
    Comments                571
    Volume (V)              14125
    Difficulty (D)          85.7
    Effort to implement (E) 1210866
    Time to implement (T)   18 hours, 41 minutes
    Est Delivered Bugs (B)  4
    Cyclomatic Complexity   35
    Maintainability (MI)    101

 Segment     Used  Free
-----------  ----  ----
00000-00002     4  0  
00004-07FFE  6148  26616  



