
ROM used:   1482/32768 (5%)
            1482/32768 (5%) including unused fragments

            0.9 Average locations per line
            28.5 Average locations per statement

RAM used:   36/2048 (2%) at main() level
            51/2048 (2%) worst case

Stack used: 7 worst case (7 in main + 0 for interrupts)
Stack size: 31

Lines Stmts  %   Files
----- ----- ---  -----
   38    17  33  DEMO_LCD.c
  552     0   0  TV_PICKIT2_SHIFT_1.c
  136     0   0  tv_pickit2_shift_1.h
  837     0   0  C:\Program Files (x86)\PICC\Devices\18f4550.h
   63    35  67  TV_PICKIT2_SHIFT_LCD.c
   65     0   0  TV_PICKIT2_SHIFT_LCD.h
----- -----
 1691    52 Total

Page ROM  %  RAM   Vol Diff  Functions:
---- --- --- ---   --- ----  ----------
0     38   1    1             @delay_ms1
0     42   1    3   271  4.3  xuat_1byte
0     30   1    0   152  1.8  set_up_port_ic_chot
0     48   2    0   119  1.7  mo_ic_74573_a_thong_dl
0     44   1    0   172  1.8  xuat_glcd_lcd
0     16   1    2    80  2.7  xuat_lcd20x4
0     82   3    0             @const824
0    148   5    0             @const828
0     80   3    0             @const832
0     26   1    1   102  2.1  LCD_XUAT_8BIT
0     22   1    1    61  1.6  lcd_command
0     22   1    1    61  1.6  lcd_data
0     92   3    2   374  3.8  lcd_setup
0     20   1    0             @const856
0     26   1    3   136  3.5  lcd_goto_xy
0     92   3    6   273  5.8  lcd_write_2x3_num
0     76   3    2             @MUL88
0     94   3    5   236  6.5  lcd_write_4x3_num
0     40   1    3             @DIV88
0    292  10    1   566  4.2  MAIN
0     10   0    0             @const871
0     34   1    2             @PSTRINGC_840
0    104   4    2             @PRINTF_U_840
 Inline         0             @cinit1

Program metrics:
    Functions               13
    Statements              52
    Comments                294
    Volume (V)              4455
    Difficulty (D)          39.6
    Effort to implement (E) 176471
    Time to implement (T)   2 hours, 43 minutes
    Est Delivered Bugs (B)  1
    Cyclomatic Complexity   6
    Maintainability (MI)    162

 Segment     Used  Free
-----------  ----  ----
00000-00002     4  0  
00004-07FFE  1478  31286  



