
ROM used:   1132/32768 (3%)
            1132/32768 (3%) including unused fragments

            0.2 Average locations per line
            1.1 Average locations per statement

RAM used:   47/2048 (2%) at main() level
            67/2048 (3%) worst case

Stack used: 7 worst case (7 in main + 0 for interrupts)
Stack size: 31

Lines Stmts  %   Files
----- ----- ---  -----
   18    11   1  2_Dong_bai_613_lcd_so_123.c
   21     0   0  tv_kit_vdk_pic_all.c
  215    46   4  tv_00_define_18f4550.c
  821     0   0  ..\..\..\..\..\Program Files\PICC\Devices\18f4550.h
  204    88   8  tv_01_4_nutnhan.c
   98    63   6  tv_02_matran_phim4x4_138.c
 2229   257  24  ..\..\..\..\..\Program Files\PICC\Drivers\math.h
   38    15   1  tv_03_32led_don.c
  100    47   4  tv_04_4led_7doan.c
  111    48   5  tv_05_8led_7doan_quet.c
  132    45   4  tv_05_i2c_ds13_pcf.c
   41    12   1  tv_06_lcd_glcd.c
  409   198  19  tv_06_lcd.c
   64    35   3  tv_dht11.c
  130    37   3  tv_08_relay_triac_buzzer_dc.c
  350    24   2  tv_07_adc_cb.c
   98    39   4  tv_07_ds18b20.c
  230    54   5  ..\..\..\..\..\Program Files\PICC\Drivers\touch.c
   49    27   3  tv_07_i2c_at24cxx.c
   48    20   2  tv_09_matran_led_mbi.c
----- -----
 5406  1066 Total

Page ROM  %  RAM   Vol Diff  Functions:
---- --- --- ---   --- ----  ----------
0     40   2    1             @delay_ms1
0     38   2    2   239  4.3  xuat_1byte
0     22   1    4   131  2.8  xuat_1word
0     76   3    0   344  1.4  xoa_tat_6module
0     58   3    0   253  2.3  set_up_port
0     36   2    0   152  1.8  xuat_glcd_lcd
0     16   1    2   104  3.0  xuat_lcd
0     38   2    1   123  2.2  lcd_xuat
0     10   0    1    43  1.5  lcd_command
0     10   0    1    43  1.5  lcd_data
0     72   3    0   297  2.3  lcd_setup
0     20   1    0             @const974
0     26   1    3   145  3.9  lcd_goto_xy
0     76   3    0             @const980
0     80   4    0             @const984
0     44   2    2   127  3.5  lcd_khoi_tao_cgram_so_to
0     92   4    6   280  5.8  lcd_hien_thi_so_to
0     76   3    2             @MUL88
0      2   0    0             @const1088
0     34   2    2             @PSTRINGC_965
0     10   0    0             @const1099
0     22   1    0             @const1101
0     12   1    0             @const1146
0    194   9    0   288  2.2  MAIN
0     24   1    0   499  4.6  @const1190
 Inline         0             @cinit1

Program metrics:
    Functions               15
    Statements              1066
    Comments                1223
    Volume (V)              5409
    Difficulty (D)          41.9
    Effort to implement (E) 226734
    Time to implement (T)   3 hours, 30 minutes
    Est Delivered Bugs (B)  1
    Cyclomatic Complexity   7
    Maintainability (MI)    121

 Segment     Used  Free
-----------  ----  ----
00000-00002     4  0  
00004-07FFE  1128  31636  



