
ROM used:   688/32768 (2%)
            688/32768 (2%) including unused fragments

            0.1 Average locations per line
            0.6 Average locations per statement

RAM used:   84/2048 (4%) at main() level
            104/2048 (5%) worst case

Stack used: 4 worst case (4 in main + 0 for interrupts)
Stack size: 31

Lines Stmts  %   Files
----- ----- ---  -----
   28    10   1  2_Dong_bai_504_chuoi_std_pst.c
   21     0   0  tv_kit_vdk_pic_all.c
  215    46   4  tv_00_define_18f4550.c
  821     0   0  ..\..\..\..\..\Program Files\PICC\Devices\18f4550.h
  204    88   8  tv_01_4_nutnhan.c
   98    63   6  tv_02_matran_phim4x4_138.c
 2229   257  24  ..\..\..\..\..\Program Files\PICC\Drivers\math.h
   38    15   1  tv_03_32led_don.c
  100    47   4  tv_04_4led_7doan.c
  111    48   5  tv_05_8led_7doan_quet.c
  132    45   4  tv_05_i2c_ds13_pcf.c
   41    12   1  tv_06_lcd_glcd.c
  409   198  19  tv_06_lcd.c
   64    35   3  tv_dht11.c
  130    37   3  tv_08_relay_triac_buzzer_dc.c
  350    24   2  tv_07_adc_cb.c
   98    39   4  tv_07_ds18b20.c
  230    54   5  ..\..\..\..\..\Program Files\PICC\Drivers\touch.c
   49    27   3  tv_07_i2c_at24cxx.c
   48    20   2  tv_09_matran_led_mbi.c
----- -----
 5416  1065 Total

Page ROM  %  RAM   Vol Diff  Functions:
---- --- --- ---   --- ----  ----------
0     40   3    1             @delay_ms1
0     38   3    2   239  4.3  xuat_1byte
0     22   2    4   131  2.8  xuat_1word
0     76   6    0   344  1.4  xoa_tat_6module
0     58   4    0   253  2.3  set_up_port
0     26   2    0             @const895
0     50   4    3   123  2.6  xuat_8led_7doan_quet
0     12   1    0    25  1.2  tat_8led_7doan_quet
0     54   4    2   171  4.0  hien_thi_8led_7doan_quet
0      2   0    0             @const1088
0     10   1    0             @const1099
0     22   2    0             @const1101
0     12   1    0             @const1146
0     78   6    4   165  4.9  copy_8byte_hthi
0    184  13    0   190  3.5  MAIN
 Inline         0    80  2.7  @cinit1

Program metrics:
    Functions               10
    Statements              1065
    Comments                1225
    Volume (V)              2884
    Difficulty (D)          29.7
    Effort to implement (E) 85671
    Time to implement (T)   1 hours, 19 minutes
    Est Delivered Bugs (B)  1
    Cyclomatic Complexity   6
    Maintainability (MI)    16

 Segment     Used  Free
-----------  ----  ----
00000-00002     4  0  
00004-07FFE   684  32080  



