
ROM used:   882/32768 (3%)
            882/32768 (3%) including unused fragments

            0.2 Average locations per line
            0.8 Average locations per statement

RAM used:   49/2048 (2%) at main() level
            69/2048 (3%) worst case

Stack used: 4 worst case (4 in main + 0 for interrupts)
Stack size: 31

Lines Stmts  %   Files
----- ----- ---  -----
   24    12   1  2_Dong_bai_506_mtp4x4_8led_dich.c
   21     0   0  tv_kit_vdk_pic_all.c
  215    46   4  tv_00_define_18f4550.c
  821     0   0  ..\..\..\..\..\Program Files\PICC\Devices\18f4550.h
  204    88   8  tv_01_4_nutnhan.c
   98    63   6  tv_02_matran_phim4x4_138.c
 2229   257  24  ..\..\..\..\..\Program Files\PICC\Drivers\math.h
   38    15   1  tv_03_32led_don.c
  100    47   4  tv_04_4led_7doan.c
  111    48   4  tv_05_8led_7doan_quet.c
  132    45   4  tv_05_i2c_ds13_pcf.c
   41    12   1  tv_06_lcd_glcd.c
  409   198  19  tv_06_lcd.c
   64    35   3  tv_dht11.c
  130    37   3  tv_08_relay_triac_buzzer_dc.c
  350    24   2  tv_07_adc_cb.c
   98    39   4  tv_07_ds18b20.c
  230    54   5  ..\..\..\..\..\Program Files\PICC\Drivers\touch.c
   49    27   3  tv_07_i2c_at24cxx.c
   48    20   2  tv_09_matran_led_mbi.c
----- -----
 5412  1067 Total

Page ROM  %  RAM   Vol Diff  Functions:
---- --- --- ---   --- ----  ----------
0     38   2    1             @delay_ms1
0     32   2    0             @const652
0     38   2    2   239  4.3  xuat_1byte
0     22   1    4   131  2.8  xuat_1word
0     76   4    0   344  1.4  xoa_tat_6module
0     58   3    0   253  2.3  set_up_port
0     20   1    0             @const692
0    114   6    4   627  8.1  key_nhan
0     52   3    2   236  5.0  key_4x4_dw_c2
0     26   1    0             @const895
0     50   3    3   123  2.6  xuat_8led_7doan_quet
0     12   1    0    25  1.2  tat_8led_7doan_quet
0     54   3    2   171  4.0  hien_thi_8led_7doan_quet
0      2   0    0             @const1088
0     10   1    0             @const1099
0     22   1    0             @const1101
0     12   1    0             @const1146
0    108   6    3   220  5.0  quet_mtp_xuly_neu_nhan
0    132   7    0    82  2.3  MAIN
 Inline         0             @cinit1

Program metrics:
    Functions               11
    Statements              1067
    Comments                1223
    Volume (V)              4049
    Difficulty (D)          38.2
    Effort to implement (E) 154525
    Time to implement (T)   2 hours, 23 minutes
    Est Delivered Bugs (B)  1
    Cyclomatic Complexity   12
    Maintainability (MI)    37

 Segment     Used  Free
-----------  ----  ----
00000-00002     4  0  
00004-07FFE   878  31886  



