
ROM used:   746/32768 (2%)
            746/32768 (2%) including unused fragments

            0.1 Average locations per line
            0.7 Average locations per statement

RAM used:   50/2048 (2%) at main() level
            70/2048 (3%) worst case

Stack used: 4 worst case (4 in main + 0 for interrupts)
Stack size: 31

Lines Stmts  %   Files
----- ----- ---  -----
   15     6   1  2_Dong_bai_811_dc_motor_on_off_inv.c
   21     0   0  tv_kit_vdk_pic_all.c
  215    46   4  tv_00_define_18f4550.c
  821     0   0  ..\..\..\..\..\Program Files\PICC\Devices\18f4550.h
  204    88   8  tv_01_4_nutnhan.c
   98    63   6  tv_02_matran_phim4x4_138.c
 2229   257  23  ..\..\..\..\..\Program Files\PICC\Drivers\math.h
   38    15   1  tv_03_32led_don.c
  100    47   4  tv_04_4led_7doan.c
  111    48   4  tv_05_8led_7doan_quet.c
  132    45   4  tv_05_i2c_ds13_pcf.c
   41    12   1  tv_06_lcd_glcd.c
  409   198  18  tv_06_lcd.c
   64    35   3  tv_dht11.c
  130    37   3  tv_08_relay_triac_buzzer_dc.c
  350    24   2  tv_07_adc_cb.c
   98    39   4  tv_07_ds18b20.c
  230    54   5  ..\..\..\..\..\Program Files\PICC\Drivers\touch.c
   49    27   2  tv_07_i2c_at24cxx.c
   48    20   2  tv_09_matran_led_mbi.c
   82    33   3  tv_08_dc_motor.c
   28    18   2  2_Dong_bai_811_dc_motor_on_off_inv_tv.c
----- -----
 5513  1112 Total

Page ROM  %  RAM   Vol Diff  Functions:
---- --- --- ---   --- ----  ----------
0     40   3    1             @delay_ms1
0     28   2    1             @delay_us1
0     38   3    2   239  4.3  xuat_1byte
0     22   1    4   131  2.8  xuat_1word
0     76   5    0   344  1.4  xoa_tat_6module
0     58   4    0   253  2.3  set_up_port
0     58   4    3   192  4.2  phim_bt2_c2
0     34   2    4   160  1.8  xuat_32led_don_4byte
0      2   0    0             @const1088
0     10   1    0             @const1099
0     22   1    0             @const1101
0     32   2    2   158  2.7  xuat_buzzer_relay
0     12   1    0             @const1146
0      8   1    0    29  1.2  dc_motor_enable
0     12   1    0    32  1.0  dc_motor_quay_thuan
0     12   1    0    32  1.0  dc_motor_quay_nghich
0     10   1    0    32  1.0  dc_motor_stop
0     20   1    0    69  2.1  dc_motor_run
0    112   8    1   497  4.3  dc_motor_on_off_inv
0    136   9    0    62  1.4  MAIN
 Inline         0             @cinit1

Program metrics:
    Functions               14
    Statements              1112
    Comments                1229
    Volume (V)              3888
    Difficulty (D)          31.9
    Effort to implement (E) 123994
    Time to implement (T)   1 hours, 55 minutes
    Est Delivered Bugs (B)  1
    Cyclomatic Complexity   8
    Maintainability (MI)    117

 Segment     Used  Free
-----------  ----  ----
00000-00002     4  0  
00004-07FFE   742  32022  



