
ROM used:   1302/32768 (4%)
            1302/32768 (4%) including unused fragments

            0.2 Average locations per line
            1.2 Average locations per statement

RAM used:   50/2048 (2%) at main() level
            72/2048 (4%) worst case

Stack used: 5 worst case (5 in main + 0 for interrupts)
Stack size: 31

Lines Stmts  %   Files
----- ----- ---  -----
   60    33   3  2_Dong_bai_414_dem_xung_t0_stop_run_32led.c
   21     0   0  tv_kit_vdk_pic_all.c
  215    46   4  tv_00_define_18f4550.c
  821     0   0  ..\..\..\..\..\Program Files\PICC\Devices\18f4550.h
  204    88   8  tv_01_4_nutnhan.c
   98    63   6  tv_02_matran_phim4x4_138.c
 2229   257  23  ..\..\..\..\..\Program Files\PICC\Drivers\math.h
   38    15   1  tv_03_32led_don.c
  100    47   4  tv_04_4led_7doan.c
  111    48   4  tv_05_8led_7doan_quet.c
  132    45   4  tv_05_i2c_ds13_pcf.c
   41    12   1  tv_06_lcd_glcd.c
  409   198  18  tv_06_lcd.c
   64    35   3  tv_dht11.c
  130    37   3  tv_08_relay_triac_buzzer_dc.c
  350    24   2  tv_07_adc_cb.c
   98    39   4  tv_07_ds18b20.c
  230    54   5  ..\..\..\..\..\Program Files\PICC\Drivers\touch.c
   49    27   2  tv_07_i2c_at24cxx.c
   48    20   2  tv_09_matran_led_mbi.c
   25    12   1  2_Dong_bai_411_t0_tv.c
----- -----
 5473  1100 Total

Page ROM  %  RAM   Vol Diff  Functions:
---- --- --- ---   --- ----  ----------
0     38   1    1             @delay_ms1
0     26   1    1             @delay_us1
0     32   1    0             @const652
0     38   1    2   239  4.3  xuat_1byte
0     22   1    4   131  2.8  xuat_1word
0     76   3    0   344  1.4  xoa_tat_6module
0     58   2    0   253  2.3  set_up_port
0     58   2    3   198  3.6  phim_bt0_c2
0     58   2    3   194  3.9  phim_bt1_c2
0     58   2    3   192  4.2  phim_bt2_c2
0     58   2    3   190  4.4  phim_bt3_c2
0     36   1    4   160  1.8  xuat_32led_don_4byte
0     38   1    8   245  3.1  xuat_32led_don_2word
0     36   1    9   120  2.8  xuat_32led_don_1dw
0     34   1    0   152  1.8  xuat_4led_7doan_4so
0    142   5    6   305  5.1  md4l7d_giaima_2so_vitri_vn
0     40   2    3             @DIV88
0      2   0    0             @const1088
0     10   0    0             @const1099
0     22   1    0             @const1101
0     30   1    2   158  2.7  xuat_buzzer_relay
0     36   1    3    94  1.7  buzzer_on_off
0     12   0    0             @const1146
0     32   1    0    82  1.6  b411_hienthi_4led7doan
0     40   2    0   152  3.0  b411_dem_xung_ngoai_t0
0     16   1    0    45  1.4  b406_hienthi_4led7doan
0     46   2    1   195  3.9  b406_up_dw_g_han
0     30   1    0    69  1.9  phim_run
0     28   1    0    57  1.5  phim_stop
0    146   6    0   163  2.2  MAIN
 Inline         0             @cinit1

Program metrics:
    Functions               22
    Statements              1100
    Comments                1223
    Volume (V)              7223
    Difficulty (D)          61.6
    Effort to implement (E) 445293
    Time to implement (T)   6 hours, 52 minutes
    Est Delivered Bugs (B)  2
    Cyclomatic Complexity   19
    Maintainability (MI)    35

 Segment     Used  Free
-----------  ----  ----
00000-00002     4  0  
00004-07FFE  1298  31466  



