
ROM used:   1406/32768 (4%)
            1406/32768 (4%) including unused fragments

            0.3 Average locations per line
            1.3 Average locations per statement

RAM used:   60/2048 (3%) at main() level
            79/2048 (4%) worst case

Stack used: 4 worst case (4 in main + 0 for interrupts)
Stack size: 31

Lines Stmts  %   Files
----- ----- ---  -----
   67    45   4  2_Dong_bai_415_dem_xung_t0_stop_run_32led_gh_mtp4x4.c
   21     0   0  tv_kit_vdk_pic_all.c
  215    46   4  tv_00_define_18f4550.c
  821     0   0  ..\..\..\..\..\Program Files\PICC\Devices\18f4550.h
  204    88   8  tv_01_4_nutnhan.c
   98    63   6  tv_02_matran_phim4x4_138.c
 2229   257  23  ..\..\..\..\..\Program Files\PICC\Drivers\math.h
   38    15   1  tv_03_32led_don.c
  100    47   4  tv_04_4led_7doan.c
  111    48   4  tv_05_8led_7doan_quet.c
  132    45   4  tv_05_i2c_ds13_pcf.c
   41    12   1  tv_06_lcd_glcd.c
  409   198  18  tv_06_lcd.c
   64    35   3  tv_dht11.c
  130    37   3  tv_08_relay_triac_buzzer_dc.c
  350    24   2  tv_07_adc_cb.c
   98    39   4  tv_07_ds18b20.c
  230    54   5  ..\..\..\..\..\Program Files\PICC\Drivers\touch.c
   49    27   2  tv_07_i2c_at24cxx.c
   48    20   2  tv_09_matran_led_mbi.c
   25    12   1  2_Dong_bai_411_t0_tv.c
----- -----
 5480  1112 Total

Page ROM  %  RAM   Vol Diff  Functions:
---- --- --- ---   --- ----  ----------
0     38   1    1             @delay_ms1
0     32   1    0             @const652
0     38   1    2   239  4.3  xuat_1byte
0     22   1    4   131  2.8  xuat_1word
0     76   3    0   344  1.4  xoa_tat_6module
0     58   2    0   253  2.3  set_up_port
0     20   1    0             @const692
0    112   4    4   627  8.1  key_nhan
0     50   2    2   245  5.0  key_4x4_dw
0     36   1    4   160  1.8  xuat_32led_don_4byte
0     36   1    8   245  3.1  xuat_32led_don_2word
0     34   1    0   152  1.8  xuat_4led_7doan_4so
0    142   5    6   305  5.1  md4l7d_giaima_2so_vitri_vn
0     40   1    3             @DIV88
0      2   0    0             @const1088
0     10   0    0             @const1099
0     22   1    0             @const1101
0     30   1    2   158  2.7  xuat_buzzer_relay
0     36   1    3    94  1.7  buzzer_on_off
0     12   0    0             @const1146
0     32   1    0    82  1.6  b411_hienthi_4led7doan
0     40   1    0   152  3.0  b411_dem_xung_ngoai_t0
0     64   2    2   129  3.0  b408_hienthi_4led7doan
0     82   3    6   163  2.2  @MULS1616
0     30   1    0    72  2.4  phim_run
0     28   1    0    61  1.9  phim_stop
0    280  10    1   837  4.8  MAIN
 Inline         0   163  2.2  @cinit1

Program metrics:
    Functions               20
    Statements              1112
    Comments                1223
    Volume (V)              8363
    Difficulty (D)          61.0
    Effort to implement (E) 510425
    Time to implement (T)   7 hours, 53 minutes
    Est Delivered Bugs (B)  2
    Cyclomatic Complexity   19
    Maintainability (MI)    52

 Segment     Used  Free
-----------  ----  ----
00000-00002     4  0  
00004-07FFE  1402  31362  



