
ROM used:   1760/32768 (5%)
            1760/32768 (5%) including unused fragments

            0.3 Average locations per line
            1.6 Average locations per statement

RAM used:   51/2048 (2%) at main() level
            71/2048 (3%) worst case

Stack used: 4 worst case (4 in main + 0 for interrupts)
Stack size: 31

Lines Stmts  %   Files
----- ----- ---  -----
   21    15   1  2_Dong_bai_815_dc_motor_pwm_ccp1_up_dw_stop.c
   21     0   0  tv_kit_vdk_pic_all.c
  215    46   4  tv_00_define_18f4550.c
  821     0   0  ..\..\..\..\..\Program Files\PICC\Devices\18f4550.h
  204    88   8  tv_01_4_nutnhan.c
   98    63   6  tv_02_matran_phim4x4_138.c
 2229   257  23  ..\..\..\..\..\Program Files\PICC\Drivers\math.h
   38    15   1  tv_03_32led_don.c
  100    47   4  tv_04_4led_7doan.c
  111    48   4  tv_05_8led_7doan_quet.c
  132    45   4  tv_05_i2c_ds13_pcf.c
   41    12   1  tv_06_lcd_glcd.c
  409   198  18  tv_06_lcd.c
   64    35   3  tv_dht11.c
  130    37   3  tv_08_relay_triac_buzzer_dc.c
  350    24   2  tv_07_adc_cb.c
   98    39   3  tv_07_ds18b20.c
  230    54   5  ..\..\..\..\..\Program Files\PICC\Drivers\touch.c
   49    27   2  tv_07_i2c_at24cxx.c
   48    20   2  tv_09_matran_led_mbi.c
   82    33   3  tv_08_dc_motor.c
   37    20   2  2_Dong_bai_815_dc_motor_pwm_ccp1_up_dw_stop_tv.c
----- -----
 5528  1123 Total

Page ROM  %  RAM   Vol Diff  Functions:
---- --- --- ---   --- ----  ----------
0     40   1    1             @delay_ms1
0     26   1    1             @delay_us1
0     32   1    0             @const652
0     38   1    2   239  4.3  xuat_1byte
0     22   1    4   131  2.8  xuat_1word
0     76   2    0   344  1.4  xoa_tat_6module
0     58   2    0   253  2.3  set_up_port
0     58   2    3   198  3.6  phim_bt0_c2
0     58   2    3   192  4.2  phim_bt2_c2
0     40   1    3             @DIV88
0     66   2    5             @DIV1616
0     26   1    0             @const895
0     50   1    3   123  2.6  xuat_8led_7doan_quet
0     12   0    0    25  1.2  tat_8led_7doan_quet
0     54   2    2   171  4.0  hien_thi_8led_7doan_quet
0    144   4    6   305  5.1  md8l7d_gma_2so_vitri_vn
0    440  12    9   759  5.4  md8l7d_gma_4so_vitri_vn
0      2   0    0             @const1088
0     10   0    0             @const1099
0     22   1    0             @const1101
0     32   1    2   158  2.7  xuat_buzzer_relay
0     12   0    0             @const1146
0      8   0    0    29  1.2  dc_motor_enable
0     32   1    0    69  1.6  giai_ma_7doan_quet
0     80   2    0   129  3.8  phim_up
0     74   2    0   129  3.8  phim_dw
0     56   2    0    98  2.5  phim_stop
0    188   5    0   341  4.6  MAIN
 Inline         0             @cinit1

Program metrics:
    Functions               18
    Statements              1123
    Comments                1229
    Volume (V)              6597
    Difficulty (D)          57.5
    Effort to implement (E) 379258
    Time to implement (T)   5 hours, 51 minutes
    Est Delivered Bugs (B)  2
    Cyclomatic Complexity   16
    Maintainability (MI)    85

 Segment     Used  Free
-----------  ----  ----
00000-00002     4  0  
00004-07FFE  1756  31008  



