
ROM used:   464/32768 (1%)
            464/32768 (1%) including unused fragments

            0.1 Average locations per line
            0.4 Average locations per statement

RAM used:   48/2048 (2%) at main() level
            68/2048 (3%) worst case

Stack used: 4 worst case (4 in main + 0 for interrupts)
Stack size: 31

Lines Stmts  %   Files
----- ----- ---  -----
   24    15   1  2_Dong_bai_322_on_off_inv_8led.c
   21     0   0  tv_kit_vdk_pic_all.c
  215    46   4  tv_00_define_18f4550.c
  821     0   0  ..\..\..\..\..\Program Files\PICC\Devices\18f4550.h
  204    88   8  tv_01_4_nutnhan.c
   98    63   6  tv_02_matran_phim4x4_138.c
 2229   257  24  ..\..\..\..\..\Program Files\PICC\Drivers\math.h
   38    15   1  tv_03_32led_don.c
  100    47   4  tv_04_4led_7doan.c
  111    48   4  tv_05_8led_7doan_quet.c
  132    45   4  tv_05_i2c_ds13_pcf.c
   41    12   1  tv_06_lcd_glcd.c
  409   198  19  tv_06_lcd.c
   64    35   3  tv_dht11.c
  130    37   3  tv_08_relay_triac_buzzer_dc.c
  350    24   2  tv_07_adc_cb.c
   98    39   4  tv_07_ds18b20.c
  230    54   5  ..\..\..\..\..\Program Files\PICC\Drivers\touch.c
   49    27   3  tv_07_i2c_at24cxx.c
   48    20   2  tv_09_matran_led_mbi.c
----- -----
 5412  1070 Total

Page ROM  %  RAM   Vol Diff  Functions:
---- --- --- ---   --- ----  ----------
0     38   4    2   239  4.3  xuat_1byte
0     22   2    4   131  2.8  xuat_1word
0     76   8    0   344  1.4  xoa_tat_6module
0     58   6    0   253  2.3  set_up_port
0     34   4    4   160  1.8  xuat_32led_don_4byte
0      2   0    0             @const1088
0     10   1    0             @const1099
0     22   2    0             @const1101
0     12   1    0             @const1146
0    186  20    0   391  4.7  MAIN
 Inline         0             @cinit1

Program metrics:
    Functions               6
    Statements              1070
    Comments                1225
    Volume (V)              2290
    Difficulty (D)          16.7
    Effort to implement (E) 38340
    Time to implement (T)   35 minutes
    Est Delivered Bugs (B)  0
    Cyclomatic Complexity   3
    Maintainability (MI)    49

 Segment     Used  Free
-----------  ----  ----
00000-00002     4  0  
00004-07FFE   460  32304  



