
ROM used:   4266/32768 (13%)
            4266/32768 (13%) including unused fragments

            0.8 Average locations per line
            3.7 Average locations per statement

RAM used:   125/2048 (6%) at main() level
            152/2048 (7%) worst case

Stack used: 10 worst case (9 in main + 1 for interrupts)
Stack size: 31

Lines Stmts  %   Files
----- ----- ---  -----
  104    58   5  2_Dong_kiemtra_cuoiky.c
   21     0   0  tv_kit_vdk_pic_all.c
  215    46   4  tv_00_define_18f4550.c
  821     0   0  ..\..\..\..\..\Program Files\PICC\Devices\18f4550.h
  204    88   8  tv_01_4_nutnhan.c
   98    63   6  tv_02_matran_phim4x4_138.c
 2229   257  23  ..\..\..\..\..\Program Files\PICC\Drivers\math.h
   38    15   1  tv_03_32led_don.c
  100    47   4  tv_04_4led_7doan.c
  111    48   4  tv_05_8led_7doan_quet.c
  132    45   4  tv_05_i2c_ds13_pcf.c
   41    12   1  tv_06_lcd_glcd.c
  409   198  17  tv_06_lcd.c
   64    35   3  tv_dht11.c
  130    37   3  tv_08_relay_triac_buzzer_dc.c
  350    24   2  tv_07_adc_cb.c
   98    39   3  tv_07_ds18b20.c
  230    54   5  ..\..\..\..\..\Program Files\PICC\Drivers\touch.c
   49    27   2  tv_07_i2c_at24cxx.c
   48    20   2  tv_09_matran_led_mbi.c
   28    14   1  2_Dong_bai_701_lm35a_tv.c
   25    12   1  2_Dong_bai_411_t0_tv.c
----- -----
 5545  1139 Total

Page ROM  %  RAM   Vol Diff  Functions:
---- --- --- ---   --- ----  ----------
0     40   0    1             @delay_ms1
0     26   0    1             @delay_us1
0     38   0    2   239  4.3  xuat_1byte
0     22   0    4   131  2.8  xuat_1word
0     76   1    0   344  1.4  xoa_tat_6module
0     58   1    0   253  2.3  set_up_port
0     58   1    3   198  3.6  phim_bt0_c2
0     58   1    3   194  3.9  phim_bt1_c2
0     56   1    4             @SFTOI
0     54   1    2             @ITOF
0    244   3   11             @MULFF
0    618   7   16             @ADDFF
0    346   4   14             @DIVFF
0     44   1    4   160  1.8  xuat_32led_don_4byte
0     38   0    8   245  3.1  xuat_32led_don_2word
0     36   0    9   120  2.8  xuat_32led_don_1dw
0     40   0    3             @DIV88
0     66   1    5             @DIV1616
0     36   0    0   152  1.8  xuat_glcd_lcd
0     16   0    2   104  3.0  xuat_lcd
0     38   0    1   123  2.2  lcd_xuat
0     10   0    1    43  1.5  lcd_command
0     10   0    1    43  1.5  lcd_data
0     72   1    0   297  2.3  lcd_setup
0     30   0    0             @const974
0     26   0    3   145  3.9  lcd_goto_xy
0     86   1    0             @const980
0     90   1    0             @const984
0     44   1    2   127  3.5  lcd_khoi_tao_cgram_so_to
0    100   1    6   280  5.8  lcd_hien_thi_so_to
0     76   1    2             @MUL88
0     58   1    4   241  5.3  lcd_xoa_so_to
0    130   2    9   419  5.9  lcd_gm_ht_2so_to_xvn
0      2   0    0             @const1088
0     32   0    2             @PSTRINGC_965
0     10   0    0             @const1099
0     22   0    0             @const1101
0    200   2    6   271  5.3  h701_adc_read
0    220   3    4   130  2.7  float_to_ng_2so_tp
0     12   0    0             @const1146
0    112   1    5   162  2.6  h701_adc_lm35a_doc_xuly
0     48   1    4   165  3.1  h701_adc_lm35a_ht_lcd
0     20   0    0    83  3.2  tang_giay
0     60   1    1    92  2.5  lcd_hienthi_soto_giay
0     72   1    4             @DIVS88
0     60   1    1    92  2.5  lcd_hienthi_soto_t0
0     30   0    0    69  1.9  phim_run
0     28   0    0    57  1.5  phim_stop
0    430   5    1  1268  7.2  MAIN
0     16   0    0             @const1223
0      6   0    0             @const1224
 Inline         0             @cinit1

Program metrics:
    Functions               30
    Statements              1139
    Comments                1223
    Volume (V)              11956
    Difficulty (D)          94.1
    Effort to implement (E) 1125265
    Time to implement (T)   17 hours, 22 minutes
    Est Delivered Bugs (B)  4
    Cyclomatic Complexity   22
    Maintainability (MI)    58

 Segment     Used  Free
-----------  ----  ----
00000-00002     4  0  
00004-00006     0  4  
00008-00094   142  0  
00096-07FFE  4120  28498  



