
ROM used:   1922/32768 (6%)
            1922/32768 (6%) including unused fragments

            0.4 Average locations per line
            1.7 Average locations per statement

RAM used:   50/2048 (2%) at main() level
            70/2048 (3%) worst case

Stack used: 8 worst case (8 in main + 0 for interrupts)
Stack size: 31

Lines Stmts  %   Files
----- ----- ---  -----
   75    53   5  2_Dong_bai_614_lcd_dem_sp_soto.c
   21     0   0  tv_kit_vdk_pic_all.c
  215    46   4  tv_00_define_18f4550.c
  821     0   0  ..\..\..\..\..\Program Files\PICC\Devices\18f4550.h
  204    88   8  tv_01_4_nutnhan.c
   98    63   6  tv_02_matran_phim4x4_138.c
 2229   257  23  ..\..\..\..\..\Program Files\PICC\Drivers\math.h
   38    15   1  tv_03_32led_don.c
  100    47   4  tv_04_4led_7doan.c
  111    48   4  tv_05_8led_7doan_quet.c
  132    45   4  tv_05_i2c_ds13_pcf.c
   41    12   1  tv_06_lcd_glcd.c
  409   198  18  tv_06_lcd.c
   64    35   3  tv_dht11.c
  130    37   3  tv_08_relay_triac_buzzer_dc.c
  350    24   2  tv_07_adc_cb.c
   98    39   3  tv_07_ds18b20.c
  230    54   5  ..\..\..\..\..\Program Files\PICC\Drivers\touch.c
   49    27   2  tv_07_i2c_at24cxx.c
   48    20   2  tv_09_matran_led_mbi.c
   25    12   1  2_Dong_bai_411_t0_tv.c
----- -----
 5488  1120 Total

Page ROM  %  RAM   Vol Diff  Functions:
---- --- --- ---   --- ----  ----------
0     38   1    1             @delay_ms1
0     26   1    1             @delay_us1
0     32   1    0             @const652
0     38   1    2   239  4.3  xuat_1byte
0     22   1    4   131  2.8  xuat_1word
0     76   2    0   344  1.4  xoa_tat_6module
0     58   2    0   253  2.3  set_up_port
0     58   2    3   198  3.6  phim_bt0_c2
0     58   2    3   194  3.9  phim_bt1_c2
0     58   2    3   192  4.2  phim_bt2_c2
0     36   1    0   152  1.8  xuat_4led_7doan_4so
0    142   4    6   305  5.1  md4l7d_giaima_2so_vitri_vn
0     40   1    3             @DIV88
0     36   1    0   152  1.8  xuat_glcd_lcd
0     16   0    2   104  3.0  xuat_lcd
0     38   1    1   123  2.2  lcd_xuat
0     10   0    1    43  1.5  lcd_command
0     10   0    1    43  1.5  lcd_data
0     72   2    0   297  2.3  lcd_setup
0     20   1    0             @const974
0     26   1    3   145  3.9  lcd_goto_xy
0     76   2    0             @const980
0     80   2    0             @const984
0     44   1    2   127  3.5  lcd_khoi_tao_cgram_so_to
0     92   2    6   280  5.8  lcd_hien_thi_so_to
0     76   2    2             @MUL88
0      2   0    0             @const1088
0     32   1    2             @PSTRINGC_965
0     10   0    0             @const1099
0     22   1    0             @const1101
0     30   1    2   158  2.7  xuat_buzzer_relay
0     36   1    3    94  1.7  buzzer_on_off
0     12   0    0             @const1146
0     30   1    0    82  1.6  b411_hienthi_4led7doan
0     60   2    1    92  2.5  lcd_hienthi_soto_t0
0     60   2    1   114  3.0  lcd_hienthi_gh
0     30   1    0   108  2.9  phim_up
0     32   1    0   106  2.5  phim_dw
0     26   1    0    86  2.0  phim_clr
0    226   6    0   595  4.7  MAIN
0     16   0    0             @const1200
0     16   0    0             @const1201
 Inline         0             @cinit1

Program metrics:
    Functions               27
    Statements              1120
    Comments                1224
    Volume (V)              9338
    Difficulty (D)          77.3
    Effort to implement (E) 721842
    Time to implement (T)   11 hours, 8 minutes
    Est Delivered Bugs (B)  3
    Cyclomatic Complexity   19
    Maintainability (MI)    38

 Segment     Used  Free
-----------  ----  ----
00000-00002     4  0  
00004-07FFE  1918  30846  



