
ROM used:   1316/32768 (4%)
            1316/32768 (4%) including unused fragments

            0.2 Average locations per line
            1.2 Average locations per statement

RAM used:   155/2048 (8%) at main() level
            174/2048 (8%) worst case

Stack used: 7 worst case (7 in main + 0 for interrupts)
Stack size: 31

Lines Stmts  %   Files
----- ----- ---  -----
   47    33   3  2_Dong_bai_606_lcd_mtp4x4_dich_3hang_123.c
   21     0   0  tv_kit_vdk_pic_all.c
  215    46   4  tv_00_define_18f4550.c
  821     0   0  ..\..\..\..\..\Program Files\PICC\Devices\18f4550.h
  204    88   8  tv_01_4_nutnhan.c
   98    63   6  tv_02_matran_phim4x4_138.c
 2229   257  24  ..\..\..\..\..\Program Files\PICC\Drivers\math.h
   38    15   1  tv_03_32led_don.c
  100    47   4  tv_04_4led_7doan.c
  111    48   4  tv_05_8led_7doan_quet.c
  132    45   4  tv_05_i2c_ds13_pcf.c
   41    12   1  tv_06_lcd_glcd.c
  409   198  18  tv_06_lcd.c
   64    35   3  tv_dht11.c
  130    37   3  tv_08_relay_triac_buzzer_dc.c
  350    24   2  tv_07_adc_cb.c
   98    39   4  tv_07_ds18b20.c
  230    54   5  ..\..\..\..\..\Program Files\PICC\Drivers\touch.c
   49    27   2  tv_07_i2c_at24cxx.c
   48    20   2  tv_09_matran_led_mbi.c
----- -----
 5435  1088 Total

Page ROM  %  RAM   Vol Diff  Functions:
---- --- --- ---   --- ----  ----------
0     38   1    1             @delay_ms1
0     38   1    2   239  4.3  xuat_1byte
0     22   1    4   131  2.8  xuat_1word
0     76   3    0   344  1.4  xoa_tat_6module
0     58   2    0   253  2.3  set_up_port
0     20   1    0             @const692
0    114   4    4   627  8.1  key_nhan
0     52   2    2   236  5.0  key_4x4_dw_c2
0     36   1    0   152  1.8  xuat_glcd_lcd
0     16   1    2   104  3.0  xuat_lcd
0     38   1    1   123  2.2  lcd_xuat
0     10   0    1    43  1.5  lcd_command
0     10   0    1    43  1.5  lcd_data
0     72   3    0   297  2.3  lcd_setup
0     20   1    0             @const974
0     26   1    3   145  3.9  lcd_goto_xy
0      2   0    0             @const1088
0     34   1    2             @PSTRINGC_965
0     10   0    0             @const1099
0     22   1    0             @const1101
0     12   0    0             @const1146
0     48   2    6    85  2.9  xoa_3hang_123
0    224   9    3   728  5.8  nhap_mp_hang123
0    292  11    1   488  5.5  MAIN
0     22   1    0   167  3.1  @const1198
 Inline         0   524  4.8  @cinit1

Program metrics:
    Functions               18
    Statements              1088
    Comments                1224
    Volume (V)              8285
    Difficulty (D)          61.7
    Effort to implement (E) 511264
    Time to implement (T)   7 hours, 53 minutes
    Est Delivered Bugs (B)  2
    Cyclomatic Complexity   21
    Maintainability (MI)    83

 Segment     Used  Free
-----------  ----  ----
00000-00002     4  0  
00004-07FFE  1312  31452  



