
ROM used:   1514/32768 (5%)
            1514/32768 (5%) including unused fragments

            0.3 Average locations per line
            1.3 Average locations per statement

RAM used:   47/2048 (2%) at main() level
            80/2048 (4%) worst case

Stack used: 6 worst case (6 in main + 0 for interrupts)
Stack size: 31

Lines Stmts  %   Files
----- ----- ---  -----
  114    76   7  2_Dong_bai_310_32led_tong_hop.c
   21     0   0  tv_kit_vdk_pic_all.c
  215    46   4  tv_00_define_18f4550.c
  821     0   0  ..\..\..\..\..\Program Files\PICC\Devices\18f4550.h
  204    88   8  tv_01_4_nutnhan.c
   98    63   6  tv_02_matran_phim4x4_138.c
 2229   257  23  ..\..\..\..\..\Program Files\PICC\Drivers\math.h
   38    15   1  tv_03_32led_don.c
  100    47   4  tv_04_4led_7doan.c
  111    48   4  tv_05_8led_7doan_quet.c
  132    45   4  tv_05_i2c_ds13_pcf.c
   41    12   1  tv_06_lcd_glcd.c
  409   198  18  tv_06_lcd.c
   64    35   3  tv_dht11.c
  130    37   3  tv_08_relay_triac_buzzer_dc.c
  350    24   2  tv_07_adc_cb.c
   98    39   3  tv_07_ds18b20.c
  230    54   5  ..\..\..\..\..\Program Files\PICC\Drivers\touch.c
   49    27   2  tv_07_i2c_at24cxx.c
   48    20   2  tv_09_matran_led_mbi.c
----- -----
 5502  1131 Total

Page ROM  %  RAM   Vol Diff  Functions:
---- --- --- ---   --- ----  ----------
0     38   1    1             @delay_ms1
0     38   1    2   239  4.3  xuat_1byte
0     22   1    4   131  2.8  xuat_1word
0     76   3    0   344  1.4  xoa_tat_6module
0     58   2    0   253  2.3  set_up_port
0     34   1    4   160  1.8  xuat_32led_don_4byte
0     36   1    8   245  3.1  xuat_32led_don_2word
0     36   1    9   120  2.8  xuat_32led_don_1dw
0      2   0    0             @const1088
0     10   0    0             @const1099
0     22   1    0             @const1101
0     12   0    0             @const1146
0     96   3    3   172  1.8  b303_32led_chop_tat
0    170   6    9   592  5.6  b306_32led_std_tnv
0    170   6    9   592  5.6  b307_32led_std_ttr
0    172   6   12   412  4.5  b308_32led_std_pst
0    162   5   12   412  4.5  b309_32led_std_tsp
0     24   1    3   111  3.7  h310_32led_chop_tat_nlan
0     26   1    3   111  3.7  h310_32led_std_pst_nlan
0     26   1    3   111  3.7  h310_32led_std_tsp_nlan
0     26   1    3   111  3.7  h310_32led_std_tnv_nlan
0     26   1    3   111  3.7  h310_32led_std_ttr_nlan
0    228   8    0   288  2.3  MAIN
 Inline         0             @cinit1

Program metrics:
    Functions               18
    Statements              1131
    Comments                1224
    Volume (V)              8039
    Difficulty (D)          61.0
    Effort to implement (E) 490746
    Time to implement (T)   7 hours, 34 minutes
    Est Delivered Bugs (B)  2
    Cyclomatic Complexity   14
    Maintainability (MI)    82

 Segment     Used  Free
-----------  ----  ----
00000-00002     4  0  
00004-07FFE  1510  31254  



