
ROM used:   1740/32768 (5%)
            1740/32768 (5%) including unused fragments

            0.3 Average locations per line
            1.6 Average locations per statement

RAM used:   161/2048 (8%) at main() level
            183/2048 (9%) worst case

Stack used: 9 worst case (8 in main + 1 for interrupts)
Stack size: 31

Lines Stmts  %   Files
----- ----- ---  -----
   95    53   5  2_Dong_bai_603_lcd_hang0_dich_trai_phai_3btn.c
   21     0   0  tv_kit_vdk_pic_all.c
  215    46   4  tv_00_define_18f4550.c
  821     0   0  ..\..\..\..\..\Program Files\PICC\Devices\18f4550.h
  204    88   8  tv_01_4_nutnhan.c
   98    63   6  tv_02_matran_phim4x4_138.c
 2229   257  23  ..\..\..\..\..\Program Files\PICC\Drivers\math.h
   38    15   1  tv_03_32led_don.c
  100    47   4  tv_04_4led_7doan.c
  111    48   4  tv_05_8led_7doan_quet.c
  132    45   4  tv_05_i2c_ds13_pcf.c
   41    12   1  tv_06_lcd_glcd.c
  409   198  18  tv_06_lcd.c
   64    35   3  tv_dht11.c
  130    37   3  tv_08_relay_triac_buzzer_dc.c
  350    24   2  tv_07_adc_cb.c
   98    39   4  tv_07_ds18b20.c
  230    54   5  ..\..\..\..\..\Program Files\PICC\Drivers\touch.c
   49    27   2  tv_07_i2c_at24cxx.c
   48    20   2  tv_09_matran_led_mbi.c
----- -----
 5483  1108 Total

Page ROM  %  RAM   Vol Diff  Functions:
---- --- --- ---   --- ----  ----------
0     38   1    1             @delay_ms1
0     26   1    1             @delay_us1
0     38   1    2   239  4.3  xuat_1byte
0     22   1    4   131  2.8  xuat_1word
0     76   2    0   344  1.4  xoa_tat_6module
0     58   2    0   253  2.3  set_up_port
0     58   2    3   198  3.6  phim_bt0_c2
0     58   2    3   194  3.9  phim_bt1_c2
0     58   2    3   192  4.2  phim_bt2_c2
0     36   1    4   160  1.8  xuat_32led_don_4byte
0     38   1    8   245  3.1  xuat_32led_don_2word
0     36   1    9   120  2.8  xuat_32led_don_1dw
0     36   1    0   152  1.8  xuat_glcd_lcd
0     16   0    2   104  3.0  xuat_lcd
0     38   1    1   123  2.2  lcd_xuat
0     10   0    1    43  1.5  lcd_command
0     12   0    1    43  1.5  lcd_data
0     72   2    0   297  2.3  lcd_setup
0     30   1    0             @const974
0     26   1    3   145  3.9  lcd_goto_xy
0    138   4    5   503  6.2  lcd_puts
0      2   0    0             @const1088
0     10   0    0             @const1099
0     22   1    0             @const1101
0     12   0    0             @const1146
0     16   0    0    29  1.2  timer3_ct_con_ngat
0     80   2    3   171  4.0  hang0_dich_trai
0     80   2    3   178  4.4  hang0_dich_phai
0     30   1    0    59  1.9  phim_dich_trai
0     30   1    0    59  1.9  phim_dich_phai
0     28   1    0    59  1.9  phim_ngung
0     44   1    0   167  3.1  kiem_tra_dich_h0
0    320   9    0   564  4.8  MAIN
 Inline         0             @cinit1

Program metrics:
    Functions               26
    Statements              1108
    Comments                1223
    Volume (V)              9195
    Difficulty (D)          76.7
    Effort to implement (E) 705373
    Time to implement (T)   10 hours, 53 minutes
    Est Delivered Bugs (B)  3
    Cyclomatic Complexity   19
    Maintainability (MI)    33

 Segment     Used  Free
-----------  ----  ----
00000-00002     4  0  
00004-00006     0  4  
00008-00094   142  0  
00096-07FFE  1594  31024  



