
ROM used:   1272/32768 (4%)
            1272/32768 (4%) including unused fragments

            0.2 Average locations per line
            1.2 Average locations per statement

RAM used:   52/2048 (3%) at main() level
            74/2048 (4%) worst case

Stack used: 5 worst case (5 in main + 0 for interrupts)
Stack size: 31

Lines Stmts  %   Files
----- ----- ---  -----
   46    30   3  2_Dong_bai_507_mtp4x4_cai_gh_2so.c
   21     0   0  tv_kit_vdk_pic_all.c
  215    46   4  tv_00_define_18f4550.c
  821     0   0  ..\..\..\..\..\Program Files\PICC\Devices\18f4550.h
  204    88   8  tv_01_4_nutnhan.c
   98    63   6  tv_02_matran_phim4x4_138.c
 2229   257  24  ..\..\..\..\..\Program Files\PICC\Drivers\math.h
   38    15   1  tv_03_32led_don.c
  100    47   4  tv_04_4led_7doan.c
  111    48   4  tv_05_8led_7doan_quet.c
  132    45   4  tv_05_i2c_ds13_pcf.c
   41    12   1  tv_06_lcd_glcd.c
  409   198  18  tv_06_lcd.c
   64    35   3  tv_dht11.c
  130    37   3  tv_08_relay_triac_buzzer_dc.c
  350    24   2  tv_07_adc_cb.c
   98    39   4  tv_07_ds18b20.c
  230    54   5  ..\..\..\..\..\Program Files\PICC\Drivers\touch.c
   49    27   2  tv_07_i2c_at24cxx.c
   48    20   2  tv_09_matran_led_mbi.c
----- -----
 5434  1085 Total

Page ROM  %  RAM   Vol Diff  Functions:
---- --- --- ---   --- ----  ----------
0     38   1    1             @delay_ms1
0     32   1    0             @const652
0     38   1    2   239  4.3  xuat_1byte
0     22   1    4   131  2.8  xuat_1word
0     76   3    0   344  1.4  xoa_tat_6module
0     58   2    0   253  2.3  set_up_port
0     20   1    0             @const692
0    114   4    4   627  8.1  key_nhan
0     52   2    2   236  5.0  key_4x4_dw_c2
0     36   1    4   160  1.8  xuat_32led_don_4byte
0     38   1    8   245  3.1  xuat_32led_don_2word
0     36   1    9   120  2.8  xuat_32led_don_1dw
0     40   2    3             @DIV88
0     26   1    0             @const895
0     50   2    3   123  2.6  xuat_8led_7doan_quet
0     12   0    0    25  1.2  tat_8led_7doan_quet
0     54   2    2   171  4.0  hien_thi_8led_7doan_quet
0    144   6    6   305  5.1  md8l7d_gma_2so_vitri_vn
0     76   3    2             @MUL88
0      2   0    0             @const1088
0     10   0    0             @const1099
0     22   1    0             @const1101
0     12   0    0             @const1146
0     30   1    1    74  2.8  tinh_giai_ma_g_han
0     82   3    1   407  3.8  quet_mtp_nhap_g_han
0    148   6    0   174  3.5  MAIN
 Inline         0             @cinit1

Program metrics:
    Functions               16
    Statements              1085
    Comments                1223
    Volume (V)              6417
    Difficulty (D)          53.8
    Effort to implement (E) 345013
    Time to implement (T)   5 hours, 19 minutes
    Est Delivered Bugs (B)  2
    Cyclomatic Complexity   17
    Maintainability (MI)    113

 Segment     Used  Free
-----------  ----  ----
00000-00002     4  0  
00004-07FFE  1268  31496  



