
ROM used:   1742/32768 (5%)
            1742/32768 (5%) including unused fragments

            0.3 Average locations per line
            1.5 Average locations per statement

RAM used:   78/2048 (4%) at main() level
            98/2048 (5%) worst case

Stack used: 5 worst case (5 in main + 0 for interrupts)
Stack size: 31

Lines Stmts  %   Files
----- ----- ---  -----
   44    28   2  2_Dong_bai_804_step_motor_on_off_inv_hthi_svb_fh.c
   21     0   0  tv_kit_vdk_pic_all.c
  215    46   4  tv_00_define_18f4550.c
  821     0   0  ..\..\..\..\..\Program Files\PICC\Devices\18f4550.h
  204    88   8  tv_01_4_nutnhan.c
   98    63   6  tv_02_matran_phim4x4_138.c
 2229   257  23  ..\..\..\..\..\Program Files\PICC\Drivers\math.h
   38    15   1  tv_03_32led_don.c
  100    47   4  tv_04_4led_7doan.c
  111    48   4  tv_05_8led_7doan_quet.c
  132    45   4  tv_05_i2c_ds13_pcf.c
   41    12   1  tv_06_lcd_glcd.c
  409   198  18  tv_06_lcd.c
   64    35   3  tv_dht11.c
  130    37   3  tv_08_relay_triac_buzzer_dc.c
  350    24   2  tv_07_adc_cb.c
   98    39   3  tv_07_ds18b20.c
  230    54   5  ..\..\..\..\..\Program Files\PICC\Drivers\touch.c
   49    27   2  tv_07_i2c_at24cxx.c
   48    20   2  tv_09_matran_led_mbi.c
   64    29   3  tv_08_step_motor.c
   26    16   1  2_Dong_bai_801_step_motor_on_off_inv_tv.c
----- -----
 5522  1128 Total

Page ROM  %  RAM   Vol Diff  Functions:
---- --- --- ---   --- ----  ----------
0     38   1    1             @delay_ms1
0     26   1    1             @delay_us1
0     32   1    0             @const652
0     38   1    2   239  4.3  xuat_1byte
0     22   1    4   131  2.8  xuat_1word
0     76   2    0   344  1.4  xoa_tat_6module
0     58   2    0   253  2.3  set_up_port
0     58   2    3   192  4.2  phim_bt2_c2
0     58   2    3   190  4.4  phim_bt3_c2
0     34   1    4   160  1.8  xuat_32led_don_4byte
0     36   1    0   152  1.8  xuat_4led_7doan_4so
0     66   2    5             @DIV1616
0    440  13    9   759  5.4  md4l7d_giaima_4so_vitri_vn
0      2   0    0             @const1088
0     10   0    0             @const1099
0     22   1    0             @const1101
0     30   1    2   158  2.7  xuat_buzzer_relay
0     36   1    3    94  1.7  buzzer_on_off
0     12   0    0             @const1146
0     46   1    0   125  3.4  step_motor_quay_thuan_fs
0     46   1    0   125  3.4  step_motor_quay_nghich_fs
0     14   0    0    38  1.9  step_motor_run_tn_fs
0     46   1    0   125  3.4  step_motor_quay_thuan_hs
0     46   1    0   125  3.4  step_motor_quay_nghich_hs
0     14   0    0    38  1.9  step_motor_run_tn_hs
0     14   0    0    38  1.9  step_motor_run_fs_hs
0    104   3    1   450  4.2  step_motor_on_off_inv
0     66   2    3    98  2.9  hienthi_sb_sv_17d
0    248   7    0   464  4.2  MAIN
 Inline         0             @cinit1

Program metrics:
    Functions               21
    Statements              1128
    Comments                1226
    Volume (V)              7882
    Difficulty (D)          64.2
    Effort to implement (E) 506243
    Time to implement (T)   7 hours, 49 minutes
    Est Delivered Bugs (B)  2
    Cyclomatic Complexity   20
    Maintainability (MI)    42

 Segment     Used  Free
-----------  ----  ----
00000-00002     4  0  
00004-07FFE  1738  31026  



