
ROM used:   1758/32768 (5%)
            1758/32768 (5%) including unused fragments

            0.3 Average locations per line
            1.6 Average locations per statement

RAM used:   71/2048 (3%) at main() level
            93/2048 (5%) worst case

Stack used: 9 worst case (8 in main + 1 for interrupts)
Stack size: 31

Lines Stmts  %   Files
----- ----- ---  -----
  110    78   7  2_Dong_bai_607_lcd_mtp4x4_buzzer_on_off.c
   21     0   0  tv_kit_vdk_pic_all.c
  215    46   4  tv_00_define_18f4550.c
  821     0   0  ..\..\..\..\..\Program Files\PICC\Devices\18f4550.h
  204    88   8  tv_01_4_nutnhan.c
   98    63   6  tv_02_matran_phim4x4_138.c
 2229   257  23  ..\..\..\..\..\Program Files\PICC\Drivers\math.h
   38    15   1  tv_03_32led_don.c
  100    47   4  tv_04_4led_7doan.c
  111    48   4  tv_05_8led_7doan_quet.c
  132    45   4  tv_05_i2c_ds13_pcf.c
   41    12   1  tv_06_lcd_glcd.c
  409   198  17  tv_06_lcd.c
   64    35   3  tv_dht11.c
  130    37   3  tv_08_relay_triac_buzzer_dc.c
  350    24   2  tv_07_adc_cb.c
   98    39   3  tv_07_ds18b20.c
  230    54   5  ..\..\..\..\..\Program Files\PICC\Drivers\touch.c
   49    27   2  tv_07_i2c_at24cxx.c
   48    20   2  tv_09_matran_led_mbi.c
----- -----
 5498  1133 Total

Page ROM  %  RAM   Vol Diff  Functions:
---- --- --- ---   --- ----  ----------
0     38   1    1             @delay_ms1
0     38   1    2   239  4.3  xuat_1byte
0     22   1    4   131  2.8  xuat_1word
0     76   2    0   344  1.4  xoa_tat_6module
0     58   2    0   253  2.3  set_up_port
0     30   1    0             @const692
0    112   3    4   627  8.1  key_nhan
0     50   1    2   245  5.0  key_4x4_dw
0     36   1    4   160  1.8  xuat_32led_don_4byte
0     38   1    8   245  3.1  xuat_32led_don_2word
0     36   1    9   120  2.8  xuat_32led_don_1dw
0     40   1    3             @DIV88
0     36   1    0   152  1.8  xuat_glcd_lcd
0     16   0    2   104  3.0  xuat_lcd
0     38   1    1   123  2.2  lcd_xuat
0     10   0    1    43  1.5  lcd_command
0     10   0    1    43  1.5  lcd_data
0     72   2    0   297  2.3  lcd_setup
0     30   1    0             @const974
0     26   1    3   145  3.9  lcd_goto_xy
0      2   0    0             @const1088
0     32   1    2             @PSTRINGC_965
0     10   0    0             @const1099
0     22   1    0             @const1101
0     30   1    2   158  2.7  xuat_buzzer_relay
0     36   1    3    94  1.7  buzzer_on_off
0     12   0    0             @const1146
0     20   1    0    43  1.3  lcd_hienthi_off
0      4   0    0             @const1196
0     22   1    0    43  1.3  lcd_hienthi_on
0      6   0    0             @const1198
0     72   2    1   162  4.0  lcd_hienthi_tg_cai
0     62   2    1   114  3.0  lcd_hienthi_tg_dem
0     16   0    0    29  1.2  interrupt_timer1
0    120   3    0   680  4.8  xu_ly_cac_phim
0    274   8    0   877  6.7  MAIN
0     20   1    0             @const1206
0     20   1    0             @const1207
0     20   1    0             @const1208
 Inline         0             @cinit1

Program metrics:
    Functions               25
    Statements              1133
    Comments                1230
    Volume (V)              10099
    Difficulty (D)          73.7
    Effort to implement (E) 744660
    Time to implement (T)   11 hours, 30 minutes
    Est Delivered Bugs (B)  3
    Cyclomatic Complexity   18
    Maintainability (MI)    28

 Segment     Used  Free
-----------  ----  ----
00000-00002     4  0  
00004-00006     0  4  
00008-00094   142  0  
00096-07FFE  1612  31006  



